[3.528s] Invoking command in '/home/marangoni/Documents/ROS/ROSprojects/ROS_tutorials/ros2_example_ws/src/build/examples_rclpy_minimal_client': PYTHONPATH=/home/marangoni/Documents/ROS/ROSprojects/ROS_tutorials/ros2_example_ws/src/build/examples_rclpy_minimal_client/prefix_override:/home/marangoni/Documents/ROS/ROSprojects/ROS_tutorials/ros2_example_ws/src/install/examples_rclpy_minimal_client/lib/python3.8/site-packages:${PYTHONPATH} /usr/bin/python3 setup.py develop --editable --build-directory /home/marangoni/Documents/ROS/ROSprojects/ROS_tutorials/ros2_example_ws/src/build/examples_rclpy_minimal_client/build --no-deps install_data
[4.354s] running develop
[4.867s] running egg_info
[4.867s] creating examples_rclpy_minimal_client.egg-info
[4.868s] writing examples_rclpy_minimal_client.egg-info/PKG-INFO
[4.869s] writing dependency_links to examples_rclpy_minimal_client.egg-info/dependency_links.txt
[4.870s] writing entry points to examples_rclpy_minimal_client.egg-info/entry_points.txt
[4.870s] writing requirements to examples_rclpy_minimal_client.egg-info/requires.txt
[4.871s] writing top-level names to examples_rclpy_minimal_client.egg-info/top_level.txt
[4.874s] writing manifest file 'examples_rclpy_minimal_client.egg-info/SOURCES.txt'
[5.092s] reading manifest file 'examples_rclpy_minimal_client.egg-info/SOURCES.txt'
[5.094s] writing manifest file 'examples_rclpy_minimal_client.egg-info/SOURCES.txt'
[5.261s] running build_ext
[5.263s] Creating /home/marangoni/Documents/ROS/ROSprojects/ROS_tutorials/ros2_example_ws/src/install/examples_rclpy_minimal_client/lib/python3.8/site-packages/site.py
[5.281s] Creating /home/marangoni/Documents/ROS/ROSprojects/ROS_tutorials/ros2_example_ws/src/install/examples_rclpy_minimal_client/lib/python3.8/site-packages/examples-rclpy-minimal-client.egg-link (link to .)
[5.284s] Installing client script to /home/marangoni/Documents/ROS/ROSprojects/ROS_tutorials/ros2_example_ws/src/install/examples_rclpy_minimal_client/lib/examples_rclpy_minimal_client
[5.287s] Installing client_async script to /home/marangoni/Documents/ROS/ROSprojects/ROS_tutorials/ros2_example_ws/src/install/examples_rclpy_minimal_client/lib/examples_rclpy_minimal_client
[5.287s] Installing client_async_callback script to /home/marangoni/Documents/ROS/ROSprojects/ROS_tutorials/ros2_example_ws/src/install/examples_rclpy_minimal_client/lib/examples_rclpy_minimal_client
[5.288s] Installing client_async_member_function script to /home/marangoni/Documents/ROS/ROSprojects/ROS_tutorials/ros2_example_ws/src/install/examples_rclpy_minimal_client/lib/examples_rclpy_minimal_client
[5.291s] 
[5.291s] Installed /home/marangoni/Documents/ROS/ROSprojects/ROS_tutorials/ros2_example_ws/src/build/examples_rclpy_minimal_client
[5.295s] running install_data
[5.295s] creating /home/marangoni/Documents/ROS/ROSprojects/ROS_tutorials/ros2_example_ws/src/install/examples_rclpy_minimal_client/share/ament_index
[5.296s] creating /home/marangoni/Documents/ROS/ROSprojects/ROS_tutorials/ros2_example_ws/src/install/examples_rclpy_minimal_client/share/ament_index/resource_index
[5.296s] creating /home/marangoni/Documents/ROS/ROSprojects/ROS_tutorials/ros2_example_ws/src/install/examples_rclpy_minimal_client/share/ament_index/resource_index/packages
[5.297s] copying resource/examples_rclpy_minimal_client -> /home/marangoni/Documents/ROS/ROSprojects/ROS_tutorials/ros2_example_ws/src/install/examples_rclpy_minimal_client/share/ament_index/resource_index/packages
[5.302s] copying package.xml -> /home/marangoni/Documents/ROS/ROSprojects/ROS_tutorials/ros2_example_ws/src/install/examples_rclpy_minimal_client/share/examples_rclpy_minimal_client
[5.471s] Invoked command in '/home/marangoni/Documents/ROS/ROSprojects/ROS_tutorials/ros2_example_ws/src/build/examples_rclpy_minimal_client' returned '0': PYTHONPATH=/home/marangoni/Documents/ROS/ROSprojects/ROS_tutorials/ros2_example_ws/src/build/examples_rclpy_minimal_client/prefix_override:/home/marangoni/Documents/ROS/ROSprojects/ROS_tutorials/ros2_example_ws/src/install/examples_rclpy_minimal_client/lib/python3.8/site-packages:${PYTHONPATH} /usr/bin/python3 setup.py develop --editable --build-directory /home/marangoni/Documents/ROS/ROSprojects/ROS_tutorials/ros2_example_ws/src/build/examples_rclpy_minimal_client/build --no-deps install_data
