[0.174s] Invoking command in '/home/marangoni/Documents/ROS/ROSprojects/ROS_tutorials/ros2_example_ws/src/build/examples_rclcpp_minimal_composition': CMAKE_PREFIX_PATH=/opt/ros/foxy /usr/bin/cmake /home/marangoni/Documents/ROS/ROSprojects/ROS_tutorials/ros2_example_ws/src/examples/rclcpp/composition/minimal_composition -DAMENT_CMAKE_SYMLINK_INSTALL=1 -DCMAKE_INSTALL_PREFIX=/home/marangoni/Documents/ROS/ROSprojects/ROS_tutorials/ros2_example_ws/src/install/examples_rclcpp_minimal_composition
[0.742s] -- The C compiler identification is GNU 9.4.0
[1.251s] -- The CXX compiler identification is GNU 9.4.0
[1.314s] -- Check for working C compiler: /usr/bin/cc
[1.858s] -- Check for working C compiler: /usr/bin/cc -- works
[1.866s] -- Detecting C compiler ABI info
[2.527s] -- Detecting C compiler ABI info - done
[2.722s] -- Detecting C compile features
[2.730s] -- Detecting C compile features - done
[2.752s] -- Check for working CXX compiler: /usr/bin/c++
[3.682s] -- Check for working CXX compiler: /usr/bin/c++ -- works
[3.699s] -- Detecting CXX compiler ABI info
[4.386s] -- Detecting CXX compiler ABI info - done
[4.542s] -- Detecting CXX compile features
[4.544s] -- Detecting CXX compile features - done
[4.562s] -- Found ament_cmake: 0.9.9 (/opt/ros/foxy/share/ament_cmake/cmake)
[4.720s] -- Found PythonInterp: /usr/bin/python3 (found suitable version "3.8.10", minimum required is "3") 
[4.721s] -- Using PYTHON_EXECUTABLE: /usr/bin/python3
[5.883s] -- Override CMake install command with custom implementation using symlinks instead of copying resources
[6.022s] -- Found rclcpp: 2.4.1 (/opt/ros/foxy/share/rclcpp/cmake)
[6.466s] -- Using all available rosidl_typesupport_c: rosidl_typesupport_fastrtps_c;rosidl_typesupport_introspection_c
[6.495s] -- Found rosidl_adapter: 1.2.1 (/opt/ros/foxy/share/rosidl_adapter/cmake)
[6.760s] -- Found OpenSSL: /usr/lib/x86_64-linux-gnu/libcrypto.so (found version "1.1.1f")  
[6.877s] -- Found FastRTPS: /opt/ros/foxy/include  
[7.223s] -- Using all available rosidl_typesupport_cpp: rosidl_typesupport_fastrtps_cpp;rosidl_typesupport_introspection_cpp
[7.556s] -- Found rmw_implementation_cmake: 1.0.3 (/opt/ros/foxy/share/rmw_implementation_cmake/cmake)
[7.563s] -- Using RMW implementation 'rmw_fastrtps_cpp' as default
[7.566s] -- Looking for pthread.h
[8.102s] -- Looking for pthread.h - found
[8.104s] -- Performing Test CMAKE_HAVE_LIBC_PTHREAD
[8.835s] -- Performing Test CMAKE_HAVE_LIBC_PTHREAD - Failed
[8.836s] -- Looking for pthread_create in pthreads
[9.342s] -- Looking for pthread_create in pthreads - not found
[9.346s] -- Looking for pthread_create in pthread
[9.866s] -- Looking for pthread_create in pthread - found
[9.874s] -- Found Threads: TRUE  
[11.425s] -- Found rclcpp_components: 2.4.1 (/opt/ros/foxy/share/rclcpp_components/cmake)
[11.833s] -- Found ament_lint_auto: 0.9.6 (/opt/ros/foxy/share/ament_lint_auto/cmake)
[12.454s] -- Added test 'copyright' to check source files copyright and LICENSE
[12.478s] -- Added test 'cppcheck' to perform static code analysis on C / C++ code
[12.488s] -- Configured cppcheck include dirs: /home/marangoni/Documents/ROS/ROSprojects/ROS_tutorials/ros2_example_ws/src/examples/rclcpp/composition/minimal_composition/include
[12.489s] -- Configured cppcheck exclude dirs and/or files: 
[12.515s] -- Added test 'cpplint' to check C / C++ code against the Google style
[12.519s] -- Configured cpplint exclude dirs and/or files: 
[12.539s] -- Added test 'lint_cmake' to check CMake code style
[12.558s] -- Added test 'uncrustify' to check C / C++ code style
[12.558s] -- Configured uncrustify additional arguments: 
[12.566s] -- Added test 'xmllint' to check XML markup files
[12.619s] -- Configuring done
[12.878s] -- Generating done
[12.914s] -- Build files have been written to: /home/marangoni/Documents/ROS/ROSprojects/ROS_tutorials/ros2_example_ws/src/build/examples_rclcpp_minimal_composition
[12.976s] Invoked command in '/home/marangoni/Documents/ROS/ROSprojects/ROS_tutorials/ros2_example_ws/src/build/examples_rclcpp_minimal_composition' returned '0': CMAKE_PREFIX_PATH=/opt/ros/foxy /usr/bin/cmake /home/marangoni/Documents/ROS/ROSprojects/ROS_tutorials/ros2_example_ws/src/examples/rclcpp/composition/minimal_composition -DAMENT_CMAKE_SYMLINK_INSTALL=1 -DCMAKE_INSTALL_PREFIX=/home/marangoni/Documents/ROS/ROSprojects/ROS_tutorials/ros2_example_ws/src/install/examples_rclcpp_minimal_composition
[12.982s] Invoking command in '/home/marangoni/Documents/ROS/ROSprojects/ROS_tutorials/ros2_example_ws/src/build/examples_rclcpp_minimal_composition': CMAKE_PREFIX_PATH=/opt/ros/foxy /usr/bin/cmake --build /home/marangoni/Documents/ROS/ROSprojects/ROS_tutorials/ros2_example_ws/src/build/examples_rclcpp_minimal_composition -- -j1 -l1
[13.425s] [35m[1mScanning dependencies of target composition_nodes[0m
[14.010s] [ 11%] [32mBuilding CXX object CMakeFiles/composition_nodes.dir/src/publisher_node.cpp.o[0m
[30.006s] [ 22%] [32mBuilding CXX object CMakeFiles/composition_nodes.dir/src/subscriber_node.cpp.o[0m
[50.199s] [ 33%] [32m[1mLinking CXX shared library libcomposition_nodes.so[0m
[51.994s] [ 33%] Built target composition_nodes
[52.062s] [35m[1mScanning dependencies of target composition_composed[0m
[52.441s] [ 44%] [32mBuilding CXX object CMakeFiles/composition_composed.dir/src/composed.cpp.o[0m
[60.449s] [ 55%] [32m[1mLinking CXX executable composition_composed[0m
[61.070s] [ 55%] Built target composition_composed
[61.146s] [35m[1mScanning dependencies of target composition_subscriber[0m
[61.610s] [ 66%] [32mBuilding CXX object CMakeFiles/composition_subscriber.dir/src/standalone_subscriber.cpp.o[0m
[69.456s] [ 77%] [32m[1mLinking CXX executable composition_subscriber[0m
[70.078s] [ 77%] Built target composition_subscriber
[70.163s] [35m[1mScanning dependencies of target composition_publisher[0m
[70.603s] [ 88%] [32mBuilding CXX object CMakeFiles/composition_publisher.dir/src/standalone_publisher.cpp.o[0m
[78.590s] [100%] [32m[1mLinking CXX executable composition_publisher[0m
[79.269s] [100%] Built target composition_publisher
[79.316s] Invoked command in '/home/marangoni/Documents/ROS/ROSprojects/ROS_tutorials/ros2_example_ws/src/build/examples_rclcpp_minimal_composition' returned '0': CMAKE_PREFIX_PATH=/opt/ros/foxy /usr/bin/cmake --build /home/marangoni/Documents/ROS/ROSprojects/ROS_tutorials/ros2_example_ws/src/build/examples_rclcpp_minimal_composition -- -j1 -l1
[79.478s] Invoking command in '/home/marangoni/Documents/ROS/ROSprojects/ROS_tutorials/ros2_example_ws/src/build/examples_rclcpp_minimal_composition': CMAKE_PREFIX_PATH=/opt/ros/foxy /usr/bin/cmake --install /home/marangoni/Documents/ROS/ROSprojects/ROS_tutorials/ros2_example_ws/src/build/examples_rclcpp_minimal_composition
[79.535s] -- Install configuration: ""
[79.538s] -- Execute custom install script
[79.540s] -- Symlinking: /home/marangoni/Documents/ROS/ROSprojects/ROS_tutorials/ros2_example_ws/src/install/examples_rclcpp_minimal_composition/share/examples_rclcpp_minimal_composition/environment/library_path.sh
[79.572s] -- Symlinking: /home/marangoni/Documents/ROS/ROSprojects/ROS_tutorials/ros2_example_ws/src/install/examples_rclcpp_minimal_composition/share/examples_rclcpp_minimal_composition/environment/library_path.dsv
[79.652s] -- Symlinking: /home/marangoni/Documents/ROS/ROSprojects/ROS_tutorials/ros2_example_ws/src/install/examples_rclcpp_minimal_composition/lib/libcomposition_nodes.so
[79.714s] -- Symlinking: /home/marangoni/Documents/ROS/ROSprojects/ROS_tutorials/ros2_example_ws/src/install/examples_rclcpp_minimal_composition/lib/examples_rclcpp_minimal_composition/composition_publisher
[79.771s] -- Symlinking: /home/marangoni/Documents/ROS/ROSprojects/ROS_tutorials/ros2_example_ws/src/install/examples_rclcpp_minimal_composition/lib/examples_rclcpp_minimal_composition/composition_subscriber
[79.836s] -- Symlinking: /home/marangoni/Documents/ROS/ROSprojects/ROS_tutorials/ros2_example_ws/src/install/examples_rclcpp_minimal_composition/lib/examples_rclcpp_minimal_composition/composition_composed
[79.899s] -- Symlinking: /home/marangoni/Documents/ROS/ROSprojects/ROS_tutorials/ros2_example_ws/src/install/examples_rclcpp_minimal_composition/share/ament_index/resource_index/package_run_dependencies/examples_rclcpp_minimal_composition
[79.966s] -- Symlinking: /home/marangoni/Documents/ROS/ROSprojects/ROS_tutorials/ros2_example_ws/src/install/examples_rclcpp_minimal_composition/share/ament_index/resource_index/parent_prefix_path/examples_rclcpp_minimal_composition
[80.032s] -- Symlinking: /home/marangoni/Documents/ROS/ROSprojects/ROS_tutorials/ros2_example_ws/src/install/examples_rclcpp_minimal_composition/share/examples_rclcpp_minimal_composition/environment/ament_prefix_path.sh
[80.091s] -- Symlinking: /home/marangoni/Documents/ROS/ROSprojects/ROS_tutorials/ros2_example_ws/src/install/examples_rclcpp_minimal_composition/share/examples_rclcpp_minimal_composition/environment/ament_prefix_path.dsv
[80.167s] -- Symlinking: /home/marangoni/Documents/ROS/ROSprojects/ROS_tutorials/ros2_example_ws/src/install/examples_rclcpp_minimal_composition/share/examples_rclcpp_minimal_composition/environment/path.sh
[80.270s] -- Symlinking: /home/marangoni/Documents/ROS/ROSprojects/ROS_tutorials/ros2_example_ws/src/install/examples_rclcpp_minimal_composition/share/examples_rclcpp_minimal_composition/environment/path.dsv
[80.350s] -- Symlinking: /home/marangoni/Documents/ROS/ROSprojects/ROS_tutorials/ros2_example_ws/src/install/examples_rclcpp_minimal_composition/share/examples_rclcpp_minimal_composition/local_setup.bash
[80.406s] -- Symlinking: /home/marangoni/Documents/ROS/ROSprojects/ROS_tutorials/ros2_example_ws/src/install/examples_rclcpp_minimal_composition/share/examples_rclcpp_minimal_composition/local_setup.sh
[80.462s] -- Symlinking: /home/marangoni/Documents/ROS/ROSprojects/ROS_tutorials/ros2_example_ws/src/install/examples_rclcpp_minimal_composition/share/examples_rclcpp_minimal_composition/local_setup.zsh
[80.524s] -- Symlinking: /home/marangoni/Documents/ROS/ROSprojects/ROS_tutorials/ros2_example_ws/src/install/examples_rclcpp_minimal_composition/share/examples_rclcpp_minimal_composition/local_setup.dsv
[80.577s] -- Symlinking: /home/marangoni/Documents/ROS/ROSprojects/ROS_tutorials/ros2_example_ws/src/install/examples_rclcpp_minimal_composition/share/examples_rclcpp_minimal_composition/package.dsv
[80.650s] -- Symlinking: /home/marangoni/Documents/ROS/ROSprojects/ROS_tutorials/ros2_example_ws/src/install/examples_rclcpp_minimal_composition/share/ament_index/resource_index/packages/examples_rclcpp_minimal_composition
[80.706s] -- Symlinking: /home/marangoni/Documents/ROS/ROSprojects/ROS_tutorials/ros2_example_ws/src/install/examples_rclcpp_minimal_composition/share/examples_rclcpp_minimal_composition/cmake/examples_rclcpp_minimal_compositionConfig.cmake
[80.779s] -- Symlinking: /home/marangoni/Documents/ROS/ROSprojects/ROS_tutorials/ros2_example_ws/src/install/examples_rclcpp_minimal_composition/share/examples_rclcpp_minimal_composition/cmake/examples_rclcpp_minimal_compositionConfig-version.cmake
[80.839s] -- Symlinking: /home/marangoni/Documents/ROS/ROSprojects/ROS_tutorials/ros2_example_ws/src/install/examples_rclcpp_minimal_composition/share/examples_rclcpp_minimal_composition/package.xml
[80.910s] Invoked command in '/home/marangoni/Documents/ROS/ROSprojects/ROS_tutorials/ros2_example_ws/src/build/examples_rclcpp_minimal_composition' returned '0': CMAKE_PREFIX_PATH=/opt/ros/foxy /usr/bin/cmake --install /home/marangoni/Documents/ROS/ROSprojects/ROS_tutorials/ros2_example_ws/src/build/examples_rclcpp_minimal_composition
