[3.463s] Invoking command in '/home/marangoni/Documents/ROS/ROSprojects/ROS_tutorials/ros2_example_ws/src/build/examples_rclpy_minimal_action_server': PYTHONPATH=/home/marangoni/Documents/ROS/ROSprojects/ROS_tutorials/ros2_example_ws/src/build/examples_rclpy_minimal_action_server/prefix_override:/home/marangoni/Documents/ROS/ROSprojects/ROS_tutorials/ros2_example_ws/src/install/examples_rclpy_minimal_action_server/lib/python3.8/site-packages:${PYTHONPATH} /usr/bin/python3 setup.py develop --editable --build-directory /home/marangoni/Documents/ROS/ROSprojects/ROS_tutorials/ros2_example_ws/src/build/examples_rclpy_minimal_action_server/build --no-deps install_data
[4.269s] running develop
[4.838s] running egg_info
[4.839s] creating examples_rclpy_minimal_action_server.egg-info
[4.840s] writing examples_rclpy_minimal_action_server.egg-info/PKG-INFO
[4.841s] writing dependency_links to examples_rclpy_minimal_action_server.egg-info/dependency_links.txt
[4.841s] writing entry points to examples_rclpy_minimal_action_server.egg-info/entry_points.txt
[4.842s] writing requirements to examples_rclpy_minimal_action_server.egg-info/requires.txt
[4.843s] writing top-level names to examples_rclpy_minimal_action_server.egg-info/top_level.txt
[4.846s] writing manifest file 'examples_rclpy_minimal_action_server.egg-info/SOURCES.txt'
[5.020s] reading manifest file 'examples_rclpy_minimal_action_server.egg-info/SOURCES.txt'
[5.026s] writing manifest file 'examples_rclpy_minimal_action_server.egg-info/SOURCES.txt'
[5.311s] running build_ext
[5.312s] Creating /home/marangoni/Documents/ROS/ROSprojects/ROS_tutorials/ros2_example_ws/src/install/examples_rclpy_minimal_action_server/lib/python3.8/site-packages/site.py
[5.335s] Creating /home/marangoni/Documents/ROS/ROSprojects/ROS_tutorials/ros2_example_ws/src/install/examples_rclpy_minimal_action_server/lib/python3.8/site-packages/examples-rclpy-minimal-action-server.egg-link (link to .)
[5.343s] Installing server script to /home/marangoni/Documents/ROS/ROSprojects/ROS_tutorials/ros2_example_ws/src/install/examples_rclpy_minimal_action_server/lib/examples_rclpy_minimal_action_server
[5.347s] Installing server_defer script to /home/marangoni/Documents/ROS/ROSprojects/ROS_tutorials/ros2_example_ws/src/install/examples_rclpy_minimal_action_server/lib/examples_rclpy_minimal_action_server
[5.348s] Installing server_not_composable script to /home/marangoni/Documents/ROS/ROSprojects/ROS_tutorials/ros2_example_ws/src/install/examples_rclpy_minimal_action_server/lib/examples_rclpy_minimal_action_server
[5.349s] Installing server_queue_goals script to /home/marangoni/Documents/ROS/ROSprojects/ROS_tutorials/ros2_example_ws/src/install/examples_rclpy_minimal_action_server/lib/examples_rclpy_minimal_action_server
[5.349s] Installing server_single_goal script to /home/marangoni/Documents/ROS/ROSprojects/ROS_tutorials/ros2_example_ws/src/install/examples_rclpy_minimal_action_server/lib/examples_rclpy_minimal_action_server
[5.355s] 
[5.358s] Installed /home/marangoni/Documents/ROS/ROSprojects/ROS_tutorials/ros2_example_ws/src/build/examples_rclpy_minimal_action_server
[5.359s] running install_data
[5.359s] creating /home/marangoni/Documents/ROS/ROSprojects/ROS_tutorials/ros2_example_ws/src/install/examples_rclpy_minimal_action_server/share/ament_index
[5.360s] creating /home/marangoni/Documents/ROS/ROSprojects/ROS_tutorials/ros2_example_ws/src/install/examples_rclpy_minimal_action_server/share/ament_index/resource_index
[5.360s] creating /home/marangoni/Documents/ROS/ROSprojects/ROS_tutorials/ros2_example_ws/src/install/examples_rclpy_minimal_action_server/share/ament_index/resource_index/packages
[5.363s] copying resource/examples_rclpy_minimal_action_server -> /home/marangoni/Documents/ROS/ROSprojects/ROS_tutorials/ros2_example_ws/src/install/examples_rclpy_minimal_action_server/share/ament_index/resource_index/packages
[5.365s] copying package.xml -> /home/marangoni/Documents/ROS/ROSprojects/ROS_tutorials/ros2_example_ws/src/install/examples_rclpy_minimal_action_server/share/examples_rclpy_minimal_action_server
[5.603s] Invoked command in '/home/marangoni/Documents/ROS/ROSprojects/ROS_tutorials/ros2_example_ws/src/build/examples_rclpy_minimal_action_server' returned '0': PYTHONPATH=/home/marangoni/Documents/ROS/ROSprojects/ROS_tutorials/ros2_example_ws/src/build/examples_rclpy_minimal_action_server/prefix_override:/home/marangoni/Documents/ROS/ROSprojects/ROS_tutorials/ros2_example_ws/src/install/examples_rclpy_minimal_action_server/lib/python3.8/site-packages:${PYTHONPATH} /usr/bin/python3 setup.py develop --editable --build-directory /home/marangoni/Documents/ROS/ROSprojects/ROS_tutorials/ros2_example_ws/src/build/examples_rclpy_minimal_action_server/build --no-deps install_data
