[3.975s] Invoking command in '/home/marangoni/Documents/ROS/ROSprojects/ROS_tutorials/ros2_example_ws/src/build/examples_rclpy_executors': PYTHONPATH=/home/marangoni/Documents/ROS/ROSprojects/ROS_tutorials/ros2_example_ws/src/build/examples_rclpy_executors/prefix_override:/home/marangoni/Documents/ROS/ROSprojects/ROS_tutorials/ros2_example_ws/src/install/examples_rclpy_executors/lib/python3.8/site-packages:${PYTHONPATH} /usr/bin/python3 setup.py develop --editable --build-directory /home/marangoni/Documents/ROS/ROSprojects/ROS_tutorials/ros2_example_ws/src/build/examples_rclpy_executors/build --no-deps install_data
[4.964s] running develop
[5.341s] running egg_info
[5.342s] creating examples_rclpy_executors.egg-info
[5.343s] writing examples_rclpy_executors.egg-info/PKG-INFO
[5.344s] writing dependency_links to examples_rclpy_executors.egg-info/dependency_links.txt
[5.344s] writing entry points to examples_rclpy_executors.egg-info/entry_points.txt
[5.345s] writing requirements to examples_rclpy_executors.egg-info/requires.txt
[5.345s] writing top-level names to examples_rclpy_executors.egg-info/top_level.txt
[5.355s] writing manifest file 'examples_rclpy_executors.egg-info/SOURCES.txt'
[5.504s] reading manifest file 'examples_rclpy_executors.egg-info/SOURCES.txt'
[5.512s] writing manifest file 'examples_rclpy_executors.egg-info/SOURCES.txt'
[5.981s] running build_ext
[5.985s] Creating /home/marangoni/Documents/ROS/ROSprojects/ROS_tutorials/ros2_example_ws/src/install/examples_rclpy_executors/lib/python3.8/site-packages/site.py
[6.013s] Creating /home/marangoni/Documents/ROS/ROSprojects/ROS_tutorials/ros2_example_ws/src/install/examples_rclpy_executors/lib/python3.8/site-packages/examples-rclpy-executors.egg-link (link to .)
[6.033s] Installing callback_group script to /home/marangoni/Documents/ROS/ROSprojects/ROS_tutorials/ros2_example_ws/src/install/examples_rclpy_executors/lib/examples_rclpy_executors
[6.040s] Installing composed script to /home/marangoni/Documents/ROS/ROSprojects/ROS_tutorials/ros2_example_ws/src/install/examples_rclpy_executors/lib/examples_rclpy_executors
[6.041s] Installing custom_callback_group script to /home/marangoni/Documents/ROS/ROSprojects/ROS_tutorials/ros2_example_ws/src/install/examples_rclpy_executors/lib/examples_rclpy_executors
[6.048s] Installing custom_executor script to /home/marangoni/Documents/ROS/ROSprojects/ROS_tutorials/ros2_example_ws/src/install/examples_rclpy_executors/lib/examples_rclpy_executors
[6.052s] Installing listener script to /home/marangoni/Documents/ROS/ROSprojects/ROS_tutorials/ros2_example_ws/src/install/examples_rclpy_executors/lib/examples_rclpy_executors
[6.056s] Installing talker script to /home/marangoni/Documents/ROS/ROSprojects/ROS_tutorials/ros2_example_ws/src/install/examples_rclpy_executors/lib/examples_rclpy_executors
[6.062s] 
[6.064s] Installed /home/marangoni/Documents/ROS/ROSprojects/ROS_tutorials/ros2_example_ws/src/build/examples_rclpy_executors
[6.065s] running install_data
[6.071s] creating /home/marangoni/Documents/ROS/ROSprojects/ROS_tutorials/ros2_example_ws/src/install/examples_rclpy_executors/share/ament_index
[6.076s] creating /home/marangoni/Documents/ROS/ROSprojects/ROS_tutorials/ros2_example_ws/src/install/examples_rclpy_executors/share/ament_index/resource_index
[6.080s] creating /home/marangoni/Documents/ROS/ROSprojects/ROS_tutorials/ros2_example_ws/src/install/examples_rclpy_executors/share/ament_index/resource_index/packages
[6.082s] copying resource/examples_rclpy_executors -> /home/marangoni/Documents/ROS/ROSprojects/ROS_tutorials/ros2_example_ws/src/install/examples_rclpy_executors/share/ament_index/resource_index/packages
[6.090s] copying package.xml -> /home/marangoni/Documents/ROS/ROSprojects/ROS_tutorials/ros2_example_ws/src/install/examples_rclpy_executors/share/examples_rclpy_executors
[6.345s] Invoked command in '/home/marangoni/Documents/ROS/ROSprojects/ROS_tutorials/ros2_example_ws/src/build/examples_rclpy_executors' returned '0': PYTHONPATH=/home/marangoni/Documents/ROS/ROSprojects/ROS_tutorials/ros2_example_ws/src/build/examples_rclpy_executors/prefix_override:/home/marangoni/Documents/ROS/ROSprojects/ROS_tutorials/ros2_example_ws/src/install/examples_rclpy_executors/lib/python3.8/site-packages:${PYTHONPATH} /usr/bin/python3 setup.py develop --editable --build-directory /home/marangoni/Documents/ROS/ROSprojects/ROS_tutorials/ros2_example_ws/src/build/examples_rclpy_executors/build --no-deps install_data
