[3.880s] Invoking command in '/home/marangoni/Documents/ROS/ROSprojects/ROS_tutorials/ros2_example_ws/src/build/examples_rclpy_minimal_action_client': PYTHONPATH=/home/marangoni/Documents/ROS/ROSprojects/ROS_tutorials/ros2_example_ws/src/build/examples_rclpy_minimal_action_client/prefix_override:/home/marangoni/Documents/ROS/ROSprojects/ROS_tutorials/ros2_example_ws/src/install/examples_rclpy_minimal_action_client/lib/python3.8/site-packages:${PYTHONPATH} /usr/bin/python3 setup.py develop --editable --build-directory /home/marangoni/Documents/ROS/ROSprojects/ROS_tutorials/ros2_example_ws/src/build/examples_rclpy_minimal_action_client/build --no-deps install_data
[4.803s] running develop
[5.213s] running egg_info
[5.214s] creating examples_rclpy_minimal_action_client.egg-info
[5.215s] writing examples_rclpy_minimal_action_client.egg-info/PKG-INFO
[5.216s] writing dependency_links to examples_rclpy_minimal_action_client.egg-info/dependency_links.txt
[5.217s] writing entry points to examples_rclpy_minimal_action_client.egg-info/entry_points.txt
[5.218s] writing requirements to examples_rclpy_minimal_action_client.egg-info/requires.txt
[5.218s] writing top-level names to examples_rclpy_minimal_action_client.egg-info/top_level.txt
[5.221s] writing manifest file 'examples_rclpy_minimal_action_client.egg-info/SOURCES.txt'
[5.359s] reading manifest file 'examples_rclpy_minimal_action_client.egg-info/SOURCES.txt'
[5.364s] writing manifest file 'examples_rclpy_minimal_action_client.egg-info/SOURCES.txt'
[5.637s] running build_ext
[5.639s] Creating /home/marangoni/Documents/ROS/ROSprojects/ROS_tutorials/ros2_example_ws/src/install/examples_rclpy_minimal_action_client/lib/python3.8/site-packages/site.py
[5.655s] Creating /home/marangoni/Documents/ROS/ROSprojects/ROS_tutorials/ros2_example_ws/src/install/examples_rclpy_minimal_action_client/lib/python3.8/site-packages/examples-rclpy-minimal-action-client.egg-link (link to .)
[5.663s] Installing client script to /home/marangoni/Documents/ROS/ROSprojects/ROS_tutorials/ros2_example_ws/src/install/examples_rclpy_minimal_action_client/lib/examples_rclpy_minimal_action_client
[5.663s] Installing client_cancel script to /home/marangoni/Documents/ROS/ROSprojects/ROS_tutorials/ros2_example_ws/src/install/examples_rclpy_minimal_action_client/lib/examples_rclpy_minimal_action_client
[5.664s] Installing client_not_composable script to /home/marangoni/Documents/ROS/ROSprojects/ROS_tutorials/ros2_example_ws/src/install/examples_rclpy_minimal_action_client/lib/examples_rclpy_minimal_action_client
[5.665s] 
[5.666s] Installed /home/marangoni/Documents/ROS/ROSprojects/ROS_tutorials/ros2_example_ws/src/build/examples_rclpy_minimal_action_client
[5.671s] running install_data
[5.672s] creating /home/marangoni/Documents/ROS/ROSprojects/ROS_tutorials/ros2_example_ws/src/install/examples_rclpy_minimal_action_client/share/ament_index
[5.672s] creating /home/marangoni/Documents/ROS/ROSprojects/ROS_tutorials/ros2_example_ws/src/install/examples_rclpy_minimal_action_client/share/ament_index/resource_index
[5.673s] creating /home/marangoni/Documents/ROS/ROSprojects/ROS_tutorials/ros2_example_ws/src/install/examples_rclpy_minimal_action_client/share/ament_index/resource_index/packages
[5.675s] copying resource/examples_rclpy_minimal_action_client -> /home/marangoni/Documents/ROS/ROSprojects/ROS_tutorials/ros2_example_ws/src/install/examples_rclpy_minimal_action_client/share/ament_index/resource_index/packages
[5.679s] copying package.xml -> /home/marangoni/Documents/ROS/ROSprojects/ROS_tutorials/ros2_example_ws/src/install/examples_rclpy_minimal_action_client/share/examples_rclpy_minimal_action_client
[5.817s] Invoked command in '/home/marangoni/Documents/ROS/ROSprojects/ROS_tutorials/ros2_example_ws/src/build/examples_rclpy_minimal_action_client' returned '0': PYTHONPATH=/home/marangoni/Documents/ROS/ROSprojects/ROS_tutorials/ros2_example_ws/src/build/examples_rclpy_minimal_action_client/prefix_override:/home/marangoni/Documents/ROS/ROSprojects/ROS_tutorials/ros2_example_ws/src/install/examples_rclpy_minimal_action_client/lib/python3.8/site-packages:${PYTHONPATH} /usr/bin/python3 setup.py develop --editable --build-directory /home/marangoni/Documents/ROS/ROSprojects/ROS_tutorials/ros2_example_ws/src/build/examples_rclpy_minimal_action_client/build --no-deps install_data
