[0.097s] Invoking command in '/home/marangoni/Documents/ROS/ROSprojects/ROS_tutorials/ros2_example_ws/src/build/examples_rclcpp_minimal_service': CMAKE_PREFIX_PATH=/opt/ros/foxy /usr/bin/cmake /home/marangoni/Documents/ROS/ROSprojects/ROS_tutorials/ros2_example_ws/src/examples/rclcpp/services/minimal_service -DAMENT_CMAKE_SYMLINK_INSTALL=1 -DCMAKE_INSTALL_PREFIX=/home/marangoni/Documents/ROS/ROSprojects/ROS_tutorials/ros2_example_ws/src/install/examples_rclcpp_minimal_service
[0.855s] -- The C compiler identification is GNU 9.4.0
[1.597s] -- The CXX compiler identification is GNU 9.4.0
[1.648s] -- Check for working C compiler: /usr/bin/cc
[2.251s] -- Check for working C compiler: /usr/bin/cc -- works
[2.259s] -- Detecting C compiler ABI info
[2.823s] -- Detecting C compiler ABI info - done
[3.003s] -- Detecting C compile features
[3.005s] -- Detecting C compile features - done
[3.059s] -- Check for working CXX compiler: /usr/bin/c++
[4.011s] -- Check for working CXX compiler: /usr/bin/c++ -- works
[4.020s] -- Detecting CXX compiler ABI info
[4.641s] -- Detecting CXX compiler ABI info - done
[4.783s] -- Detecting CXX compile features
[4.791s] -- Detecting CXX compile features - done
[4.802s] -- Found ament_cmake: 0.9.9 (/opt/ros/foxy/share/ament_cmake/cmake)
[4.973s] -- Found PythonInterp: /usr/bin/python3 (found suitable version "3.8.10", minimum required is "3") 
[4.976s] -- Using PYTHON_EXECUTABLE: /usr/bin/python3
[6.368s] -- Override CMake install command with custom implementation using symlinks instead of copying resources
[6.611s] -- Found example_interfaces: 0.9.1 (/opt/ros/foxy/share/example_interfaces/cmake)
[6.999s] -- Using all available rosidl_typesupport_c: rosidl_typesupport_fastrtps_c;rosidl_typesupport_introspection_c
[7.029s] -- Found rosidl_adapter: 1.2.1 (/opt/ros/foxy/share/rosidl_adapter/cmake)
[7.305s] -- Found OpenSSL: /usr/lib/x86_64-linux-gnu/libcrypto.so (found version "1.1.1f")  
[7.428s] -- Found FastRTPS: /opt/ros/foxy/include  
[7.805s] -- Using all available rosidl_typesupport_cpp: rosidl_typesupport_fastrtps_cpp;rosidl_typesupport_introspection_cpp
[8.658s] -- Found rclcpp: 2.4.1 (/opt/ros/foxy/share/rclcpp/cmake)
[8.879s] -- Found rmw_implementation_cmake: 1.0.3 (/opt/ros/foxy/share/rmw_implementation_cmake/cmake)
[8.886s] -- Using RMW implementation 'rmw_fastrtps_cpp' as default
[8.890s] -- Looking for pthread.h
[9.495s] -- Looking for pthread.h - found
[9.499s] -- Performing Test CMAKE_HAVE_LIBC_PTHREAD
[10.180s] -- Performing Test CMAKE_HAVE_LIBC_PTHREAD - Failed
[10.182s] -- Looking for pthread_create in pthreads
[10.775s] -- Looking for pthread_create in pthreads - not found
[10.776s] -- Looking for pthread_create in pthread
[11.304s] -- Looking for pthread_create in pthread - found
[11.312s] -- Found Threads: TRUE  
[12.971s] -- Found ament_lint_auto: 0.9.6 (/opt/ros/foxy/share/ament_lint_auto/cmake)
[13.507s] -- Added test 'copyright' to check source files copyright and LICENSE
[13.516s] -- Added test 'cppcheck' to perform static code analysis on C / C++ code
[13.519s] -- Configured cppcheck include dirs: 
[13.519s] -- Configured cppcheck exclude dirs and/or files: 
[13.532s] -- Added test 'cpplint' to check C / C++ code against the Google style
[13.533s] -- Configured cpplint exclude dirs and/or files: 
[13.551s] -- Added test 'lint_cmake' to check CMake code style
[13.558s] -- Added test 'uncrustify' to check C / C++ code style
[13.558s] -- Configured uncrustify additional arguments: 
[13.568s] -- Added test 'xmllint' to check XML markup files
[13.613s] -- Configuring done
[13.824s] -- Generating done
[13.852s] -- Build files have been written to: /home/marangoni/Documents/ROS/ROSprojects/ROS_tutorials/ros2_example_ws/src/build/examples_rclcpp_minimal_service
[13.905s] Invoked command in '/home/marangoni/Documents/ROS/ROSprojects/ROS_tutorials/ros2_example_ws/src/build/examples_rclcpp_minimal_service' returned '0': CMAKE_PREFIX_PATH=/opt/ros/foxy /usr/bin/cmake /home/marangoni/Documents/ROS/ROSprojects/ROS_tutorials/ros2_example_ws/src/examples/rclcpp/services/minimal_service -DAMENT_CMAKE_SYMLINK_INSTALL=1 -DCMAKE_INSTALL_PREFIX=/home/marangoni/Documents/ROS/ROSprojects/ROS_tutorials/ros2_example_ws/src/install/examples_rclcpp_minimal_service
[13.922s] Invoking command in '/home/marangoni/Documents/ROS/ROSprojects/ROS_tutorials/ros2_example_ws/src/build/examples_rclcpp_minimal_service': CMAKE_PREFIX_PATH=/opt/ros/foxy /usr/bin/cmake --build /home/marangoni/Documents/ROS/ROSprojects/ROS_tutorials/ros2_example_ws/src/build/examples_rclcpp_minimal_service -- -j1 -l1
[14.203s] [35m[1mScanning dependencies of target service_main[0m
[14.661s] [ 50%] [32mBuilding CXX object CMakeFiles/service_main.dir/main.cpp.o[0m
[28.833s] [100%] [32m[1mLinking CXX executable service_main[0m
[29.531s] [100%] Built target service_main
[29.657s] Invoked command in '/home/marangoni/Documents/ROS/ROSprojects/ROS_tutorials/ros2_example_ws/src/build/examples_rclcpp_minimal_service' returned '0': CMAKE_PREFIX_PATH=/opt/ros/foxy /usr/bin/cmake --build /home/marangoni/Documents/ROS/ROSprojects/ROS_tutorials/ros2_example_ws/src/build/examples_rclcpp_minimal_service -- -j1 -l1
[29.878s] Invoking command in '/home/marangoni/Documents/ROS/ROSprojects/ROS_tutorials/ros2_example_ws/src/build/examples_rclcpp_minimal_service': CMAKE_PREFIX_PATH=/opt/ros/foxy /usr/bin/cmake --install /home/marangoni/Documents/ROS/ROSprojects/ROS_tutorials/ros2_example_ws/src/build/examples_rclcpp_minimal_service
[29.967s] -- Install configuration: ""
[29.975s] -- Execute custom install script
[29.979s] -- Symlinking: /home/marangoni/Documents/ROS/ROSprojects/ROS_tutorials/ros2_example_ws/src/install/examples_rclcpp_minimal_service/lib/examples_rclcpp_minimal_service/service_main
[30.096s] -- Symlinking: /home/marangoni/Documents/ROS/ROSprojects/ROS_tutorials/ros2_example_ws/src/install/examples_rclcpp_minimal_service/share/ament_index/resource_index/package_run_dependencies/examples_rclcpp_minimal_service
[30.155s] -- Symlinking: /home/marangoni/Documents/ROS/ROSprojects/ROS_tutorials/ros2_example_ws/src/install/examples_rclcpp_minimal_service/share/ament_index/resource_index/parent_prefix_path/examples_rclcpp_minimal_service
[30.213s] -- Symlinking: /home/marangoni/Documents/ROS/ROSprojects/ROS_tutorials/ros2_example_ws/src/install/examples_rclcpp_minimal_service/share/examples_rclcpp_minimal_service/environment/ament_prefix_path.sh
[30.279s] -- Symlinking: /home/marangoni/Documents/ROS/ROSprojects/ROS_tutorials/ros2_example_ws/src/install/examples_rclcpp_minimal_service/share/examples_rclcpp_minimal_service/environment/ament_prefix_path.dsv
[30.336s] -- Symlinking: /home/marangoni/Documents/ROS/ROSprojects/ROS_tutorials/ros2_example_ws/src/install/examples_rclcpp_minimal_service/share/examples_rclcpp_minimal_service/environment/path.sh
[30.399s] -- Symlinking: /home/marangoni/Documents/ROS/ROSprojects/ROS_tutorials/ros2_example_ws/src/install/examples_rclcpp_minimal_service/share/examples_rclcpp_minimal_service/environment/path.dsv
[30.463s] -- Symlinking: /home/marangoni/Documents/ROS/ROSprojects/ROS_tutorials/ros2_example_ws/src/install/examples_rclcpp_minimal_service/share/examples_rclcpp_minimal_service/local_setup.bash
[30.537s] -- Symlinking: /home/marangoni/Documents/ROS/ROSprojects/ROS_tutorials/ros2_example_ws/src/install/examples_rclcpp_minimal_service/share/examples_rclcpp_minimal_service/local_setup.sh
[30.624s] -- Symlinking: /home/marangoni/Documents/ROS/ROSprojects/ROS_tutorials/ros2_example_ws/src/install/examples_rclcpp_minimal_service/share/examples_rclcpp_minimal_service/local_setup.zsh
[30.703s] -- Symlinking: /home/marangoni/Documents/ROS/ROSprojects/ROS_tutorials/ros2_example_ws/src/install/examples_rclcpp_minimal_service/share/examples_rclcpp_minimal_service/local_setup.dsv
[30.785s] -- Symlinking: /home/marangoni/Documents/ROS/ROSprojects/ROS_tutorials/ros2_example_ws/src/install/examples_rclcpp_minimal_service/share/examples_rclcpp_minimal_service/package.dsv
[30.875s] -- Symlinking: /home/marangoni/Documents/ROS/ROSprojects/ROS_tutorials/ros2_example_ws/src/install/examples_rclcpp_minimal_service/share/ament_index/resource_index/packages/examples_rclcpp_minimal_service
[30.933s] -- Symlinking: /home/marangoni/Documents/ROS/ROSprojects/ROS_tutorials/ros2_example_ws/src/install/examples_rclcpp_minimal_service/share/examples_rclcpp_minimal_service/cmake/examples_rclcpp_minimal_serviceConfig.cmake
[30.993s] -- Symlinking: /home/marangoni/Documents/ROS/ROSprojects/ROS_tutorials/ros2_example_ws/src/install/examples_rclcpp_minimal_service/share/examples_rclcpp_minimal_service/cmake/examples_rclcpp_minimal_serviceConfig-version.cmake
[31.057s] -- Symlinking: /home/marangoni/Documents/ROS/ROSprojects/ROS_tutorials/ros2_example_ws/src/install/examples_rclcpp_minimal_service/share/examples_rclcpp_minimal_service/package.xml
[31.128s] Invoked command in '/home/marangoni/Documents/ROS/ROSprojects/ROS_tutorials/ros2_example_ws/src/build/examples_rclcpp_minimal_service' returned '0': CMAKE_PREFIX_PATH=/opt/ros/foxy /usr/bin/cmake --install /home/marangoni/Documents/ROS/ROSprojects/ROS_tutorials/ros2_example_ws/src/build/examples_rclcpp_minimal_service
