[3.596s] Invoking command in '/home/marangoni/Documents/ROS/ROSprojects/ROS_tutorials/ros2_example_ws/src/build/examples_rclpy_minimal_publisher': PYTHONPATH=/home/marangoni/Documents/ROS/ROSprojects/ROS_tutorials/ros2_example_ws/src/build/examples_rclpy_minimal_publisher/prefix_override:/home/marangoni/Documents/ROS/ROSprojects/ROS_tutorials/ros2_example_ws/src/install/examples_rclpy_minimal_publisher/lib/python3.8/site-packages:${PYTHONPATH} /usr/bin/python3 setup.py develop --editable --build-directory /home/marangoni/Documents/ROS/ROSprojects/ROS_tutorials/ros2_example_ws/src/build/examples_rclpy_minimal_publisher/build --no-deps install_data
[4.632s] running develop
[4.989s] running egg_info
[4.990s] creating examples_rclpy_minimal_publisher.egg-info
[4.990s] writing examples_rclpy_minimal_publisher.egg-info/PKG-INFO
[4.991s] writing dependency_links to examples_rclpy_minimal_publisher.egg-info/dependency_links.txt
[4.992s] writing entry points to examples_rclpy_minimal_publisher.egg-info/entry_points.txt
[4.992s] writing requirements to examples_rclpy_minimal_publisher.egg-info/requires.txt
[4.993s] writing top-level names to examples_rclpy_minimal_publisher.egg-info/top_level.txt
[4.996s] writing manifest file 'examples_rclpy_minimal_publisher.egg-info/SOURCES.txt'
[5.224s] reading manifest file 'examples_rclpy_minimal_publisher.egg-info/SOURCES.txt'
[5.231s] writing manifest file 'examples_rclpy_minimal_publisher.egg-info/SOURCES.txt'
[5.501s] running build_ext
[5.503s] Creating /home/marangoni/Documents/ROS/ROSprojects/ROS_tutorials/ros2_example_ws/src/install/examples_rclpy_minimal_publisher/lib/python3.8/site-packages/site.py
[5.517s] Creating /home/marangoni/Documents/ROS/ROSprojects/ROS_tutorials/ros2_example_ws/src/install/examples_rclpy_minimal_publisher/lib/python3.8/site-packages/examples-rclpy-minimal-publisher.egg-link (link to .)
[5.521s] Installing publisher_local_function script to /home/marangoni/Documents/ROS/ROSprojects/ROS_tutorials/ros2_example_ws/src/install/examples_rclpy_minimal_publisher/lib/examples_rclpy_minimal_publisher
[5.525s] Installing publisher_member_function script to /home/marangoni/Documents/ROS/ROSprojects/ROS_tutorials/ros2_example_ws/src/install/examples_rclpy_minimal_publisher/lib/examples_rclpy_minimal_publisher
[5.526s] Installing publisher_old_school script to /home/marangoni/Documents/ROS/ROSprojects/ROS_tutorials/ros2_example_ws/src/install/examples_rclpy_minimal_publisher/lib/examples_rclpy_minimal_publisher
[5.527s] 
[5.527s] Installed /home/marangoni/Documents/ROS/ROSprojects/ROS_tutorials/ros2_example_ws/src/build/examples_rclpy_minimal_publisher
[5.527s] running install_data
[5.529s] creating /home/marangoni/Documents/ROS/ROSprojects/ROS_tutorials/ros2_example_ws/src/install/examples_rclpy_minimal_publisher/share/ament_index
[5.529s] creating /home/marangoni/Documents/ROS/ROSprojects/ROS_tutorials/ros2_example_ws/src/install/examples_rclpy_minimal_publisher/share/ament_index/resource_index
[5.533s] creating /home/marangoni/Documents/ROS/ROSprojects/ROS_tutorials/ros2_example_ws/src/install/examples_rclpy_minimal_publisher/share/ament_index/resource_index/packages
[5.534s] copying resource/examples_rclpy_minimal_publisher -> /home/marangoni/Documents/ROS/ROSprojects/ROS_tutorials/ros2_example_ws/src/install/examples_rclpy_minimal_publisher/share/ament_index/resource_index/packages
[5.534s] copying package.xml -> /home/marangoni/Documents/ROS/ROSprojects/ROS_tutorials/ros2_example_ws/src/install/examples_rclpy_minimal_publisher/share/examples_rclpy_minimal_publisher
[5.690s] Invoked command in '/home/marangoni/Documents/ROS/ROSprojects/ROS_tutorials/ros2_example_ws/src/build/examples_rclpy_minimal_publisher' returned '0': PYTHONPATH=/home/marangoni/Documents/ROS/ROSprojects/ROS_tutorials/ros2_example_ws/src/build/examples_rclpy_minimal_publisher/prefix_override:/home/marangoni/Documents/ROS/ROSprojects/ROS_tutorials/ros2_example_ws/src/install/examples_rclpy_minimal_publisher/lib/python3.8/site-packages:${PYTHONPATH} /usr/bin/python3 setup.py develop --editable --build-directory /home/marangoni/Documents/ROS/ROSprojects/ROS_tutorials/ros2_example_ws/src/build/examples_rclpy_minimal_publisher/build --no-deps install_data
