[0.049s] Invoking command in '/home/marangoni/Documents/ROS/ROSprojects/ROS_tutorials/ros2_example_ws/src/build/examples_rclcpp_minimal_timer': CMAKE_PREFIX_PATH=/opt/ros/foxy /usr/bin/cmake /home/marangoni/Documents/ROS/ROSprojects/ROS_tutorials/ros2_example_ws/src/examples/rclcpp/timers/minimal_timer -DAMENT_CMAKE_SYMLINK_INSTALL=1 -DCMAKE_INSTALL_PREFIX=/home/marangoni/Documents/ROS/ROSprojects/ROS_tutorials/ros2_example_ws/src/install/examples_rclcpp_minimal_timer
[0.621s] -- The C compiler identification is GNU 9.4.0
[1.136s] -- The CXX compiler identification is GNU 9.4.0
[1.171s] -- Check for working C compiler: /usr/bin/cc
[1.680s] -- Check for working C compiler: /usr/bin/cc -- works
[1.686s] -- Detecting C compiler ABI info
[2.491s] -- Detecting C compiler ABI info - done
[2.756s] -- Detecting C compile features
[2.758s] -- Detecting C compile features - done
[2.797s] -- Check for working CXX compiler: /usr/bin/c++
[3.690s] -- Check for working CXX compiler: /usr/bin/c++ -- works
[3.703s] -- Detecting CXX compiler ABI info
[4.431s] -- Detecting CXX compiler ABI info - done
[4.603s] -- Detecting CXX compile features
[4.607s] -- Detecting CXX compile features - done
[4.623s] -- Found ament_cmake: 0.9.9 (/opt/ros/foxy/share/ament_cmake/cmake)
[4.811s] -- Found PythonInterp: /usr/bin/python3 (found suitable version "3.8.10", minimum required is "3") 
[4.814s] -- Using PYTHON_EXECUTABLE: /usr/bin/python3
[6.027s] -- Override CMake install command with custom implementation using symlinks instead of copying resources
[6.124s] -- Found rclcpp: 2.4.1 (/opt/ros/foxy/share/rclcpp/cmake)
[6.639s] -- Using all available rosidl_typesupport_c: rosidl_typesupport_fastrtps_c;rosidl_typesupport_introspection_c
[6.675s] -- Found rosidl_adapter: 1.2.1 (/opt/ros/foxy/share/rosidl_adapter/cmake)
[6.929s] -- Found OpenSSL: /usr/lib/x86_64-linux-gnu/libcrypto.so (found version "1.1.1f")  
[7.036s] -- Found FastRTPS: /opt/ros/foxy/include  
[7.395s] -- Using all available rosidl_typesupport_cpp: rosidl_typesupport_fastrtps_cpp;rosidl_typesupport_introspection_cpp
[7.671s] -- Found rmw_implementation_cmake: 1.0.3 (/opt/ros/foxy/share/rmw_implementation_cmake/cmake)
[7.678s] -- Using RMW implementation 'rmw_fastrtps_cpp' as default
[7.681s] -- Looking for pthread.h
[8.148s] -- Looking for pthread.h - found
[8.155s] -- Performing Test CMAKE_HAVE_LIBC_PTHREAD
[8.859s] -- Performing Test CMAKE_HAVE_LIBC_PTHREAD - Failed
[8.863s] -- Looking for pthread_create in pthreads
[9.285s] -- Looking for pthread_create in pthreads - not found
[9.293s] -- Looking for pthread_create in pthread
[9.895s] -- Looking for pthread_create in pthread - found
[9.903s] -- Found Threads: TRUE  
[11.528s] -- Found ament_lint_auto: 0.9.6 (/opt/ros/foxy/share/ament_lint_auto/cmake)
[11.975s] -- Added test 'copyright' to check source files copyright and LICENSE
[11.983s] -- Added test 'cppcheck' to perform static code analysis on C / C++ code
[11.987s] -- Configured cppcheck include dirs: 
[11.987s] -- Configured cppcheck exclude dirs and/or files: 
[11.995s] -- Added test 'cpplint' to check C / C++ code against the Google style
[11.995s] -- Configured cpplint exclude dirs and/or files: 
[12.002s] -- Added test 'lint_cmake' to check CMake code style
[12.007s] -- Added test 'uncrustify' to check C / C++ code style
[12.011s] -- Configured uncrustify additional arguments: 
[12.013s] -- Added test 'xmllint' to check XML markup files
[12.039s] -- Configuring done
[12.145s] -- Generating done
[12.163s] -- Build files have been written to: /home/marangoni/Documents/ROS/ROSprojects/ROS_tutorials/ros2_example_ws/src/build/examples_rclcpp_minimal_timer
[12.225s] Invoked command in '/home/marangoni/Documents/ROS/ROSprojects/ROS_tutorials/ros2_example_ws/src/build/examples_rclcpp_minimal_timer' returned '0': CMAKE_PREFIX_PATH=/opt/ros/foxy /usr/bin/cmake /home/marangoni/Documents/ROS/ROSprojects/ROS_tutorials/ros2_example_ws/src/examples/rclcpp/timers/minimal_timer -DAMENT_CMAKE_SYMLINK_INSTALL=1 -DCMAKE_INSTALL_PREFIX=/home/marangoni/Documents/ROS/ROSprojects/ROS_tutorials/ros2_example_ws/src/install/examples_rclcpp_minimal_timer
[12.240s] Invoking command in '/home/marangoni/Documents/ROS/ROSprojects/ROS_tutorials/ros2_example_ws/src/build/examples_rclcpp_minimal_timer': CMAKE_PREFIX_PATH=/opt/ros/foxy /usr/bin/cmake --build /home/marangoni/Documents/ROS/ROSprojects/ROS_tutorials/ros2_example_ws/src/build/examples_rclcpp_minimal_timer -- -j1 -l1
[12.679s] [35m[1mScanning dependencies of target timer_member_function[0m
[13.111s] [ 25%] [32mBuilding CXX object CMakeFiles/timer_member_function.dir/member_function.cpp.o[0m
[23.043s] [ 50%] [32m[1mLinking CXX executable timer_member_function[0m
[23.593s] [ 50%] Built target timer_member_function
[23.652s] [35m[1mScanning dependencies of target timer_lambda[0m
[23.959s] [ 75%] [32mBuilding CXX object CMakeFiles/timer_lambda.dir/lambda.cpp.o[0m
[31.685s] [100%] [32m[1mLinking CXX executable timer_lambda[0m
[32.191s] [100%] Built target timer_lambda
[32.275s] Invoked command in '/home/marangoni/Documents/ROS/ROSprojects/ROS_tutorials/ros2_example_ws/src/build/examples_rclcpp_minimal_timer' returned '0': CMAKE_PREFIX_PATH=/opt/ros/foxy /usr/bin/cmake --build /home/marangoni/Documents/ROS/ROSprojects/ROS_tutorials/ros2_example_ws/src/build/examples_rclcpp_minimal_timer -- -j1 -l1
[32.514s] Invoking command in '/home/marangoni/Documents/ROS/ROSprojects/ROS_tutorials/ros2_example_ws/src/build/examples_rclcpp_minimal_timer': CMAKE_PREFIX_PATH=/opt/ros/foxy /usr/bin/cmake --install /home/marangoni/Documents/ROS/ROSprojects/ROS_tutorials/ros2_example_ws/src/build/examples_rclcpp_minimal_timer
[32.576s] -- Install configuration: ""
[32.588s] -- Execute custom install script
[32.595s] -- Symlinking: /home/marangoni/Documents/ROS/ROSprojects/ROS_tutorials/ros2_example_ws/src/install/examples_rclcpp_minimal_timer/lib/examples_rclcpp_minimal_timer/timer_lambda
[32.647s] -- Symlinking: /home/marangoni/Documents/ROS/ROSprojects/ROS_tutorials/ros2_example_ws/src/install/examples_rclcpp_minimal_timer/lib/examples_rclcpp_minimal_timer/timer_member_function
[32.699s] -- Symlinking: /home/marangoni/Documents/ROS/ROSprojects/ROS_tutorials/ros2_example_ws/src/install/examples_rclcpp_minimal_timer/share/ament_index/resource_index/package_run_dependencies/examples_rclcpp_minimal_timer
[32.769s] -- Symlinking: /home/marangoni/Documents/ROS/ROSprojects/ROS_tutorials/ros2_example_ws/src/install/examples_rclcpp_minimal_timer/share/ament_index/resource_index/parent_prefix_path/examples_rclcpp_minimal_timer
[32.819s] -- Symlinking: /home/marangoni/Documents/ROS/ROSprojects/ROS_tutorials/ros2_example_ws/src/install/examples_rclcpp_minimal_timer/share/examples_rclcpp_minimal_timer/environment/ament_prefix_path.sh
[32.875s] -- Symlinking: /home/marangoni/Documents/ROS/ROSprojects/ROS_tutorials/ros2_example_ws/src/install/examples_rclcpp_minimal_timer/share/examples_rclcpp_minimal_timer/environment/ament_prefix_path.dsv
[32.946s] -- Symlinking: /home/marangoni/Documents/ROS/ROSprojects/ROS_tutorials/ros2_example_ws/src/install/examples_rclcpp_minimal_timer/share/examples_rclcpp_minimal_timer/environment/path.sh
[33.001s] -- Symlinking: /home/marangoni/Documents/ROS/ROSprojects/ROS_tutorials/ros2_example_ws/src/install/examples_rclcpp_minimal_timer/share/examples_rclcpp_minimal_timer/environment/path.dsv
[33.054s] -- Symlinking: /home/marangoni/Documents/ROS/ROSprojects/ROS_tutorials/ros2_example_ws/src/install/examples_rclcpp_minimal_timer/share/examples_rclcpp_minimal_timer/local_setup.bash
[33.107s] -- Symlinking: /home/marangoni/Documents/ROS/ROSprojects/ROS_tutorials/ros2_example_ws/src/install/examples_rclcpp_minimal_timer/share/examples_rclcpp_minimal_timer/local_setup.sh
[33.173s] -- Symlinking: /home/marangoni/Documents/ROS/ROSprojects/ROS_tutorials/ros2_example_ws/src/install/examples_rclcpp_minimal_timer/share/examples_rclcpp_minimal_timer/local_setup.zsh
[33.227s] -- Symlinking: /home/marangoni/Documents/ROS/ROSprojects/ROS_tutorials/ros2_example_ws/src/install/examples_rclcpp_minimal_timer/share/examples_rclcpp_minimal_timer/local_setup.dsv
[33.287s] -- Symlinking: /home/marangoni/Documents/ROS/ROSprojects/ROS_tutorials/ros2_example_ws/src/install/examples_rclcpp_minimal_timer/share/examples_rclcpp_minimal_timer/package.dsv
[33.386s] -- Symlinking: /home/marangoni/Documents/ROS/ROSprojects/ROS_tutorials/ros2_example_ws/src/install/examples_rclcpp_minimal_timer/share/ament_index/resource_index/packages/examples_rclcpp_minimal_timer
[33.473s] -- Symlinking: /home/marangoni/Documents/ROS/ROSprojects/ROS_tutorials/ros2_example_ws/src/install/examples_rclcpp_minimal_timer/share/examples_rclcpp_minimal_timer/cmake/examples_rclcpp_minimal_timerConfig.cmake
[33.559s] -- Symlinking: /home/marangoni/Documents/ROS/ROSprojects/ROS_tutorials/ros2_example_ws/src/install/examples_rclcpp_minimal_timer/share/examples_rclcpp_minimal_timer/cmake/examples_rclcpp_minimal_timerConfig-version.cmake
[33.617s] -- Symlinking: /home/marangoni/Documents/ROS/ROSprojects/ROS_tutorials/ros2_example_ws/src/install/examples_rclcpp_minimal_timer/share/examples_rclcpp_minimal_timer/package.xml
[33.688s] Invoked command in '/home/marangoni/Documents/ROS/ROSprojects/ROS_tutorials/ros2_example_ws/src/build/examples_rclcpp_minimal_timer' returned '0': CMAKE_PREFIX_PATH=/opt/ros/foxy /usr/bin/cmake --install /home/marangoni/Documents/ROS/ROSprojects/ROS_tutorials/ros2_example_ws/src/build/examples_rclcpp_minimal_timer
