[0.083s] Invoking command in '/home/marangoni/Documents/ROS/ROSprojects/ROS_tutorials/ros2_example_ws/src/build/examples_rclcpp_minimal_action_server': CMAKE_PREFIX_PATH=/opt/ros/foxy /usr/bin/cmake /home/marangoni/Documents/ROS/ROSprojects/ROS_tutorials/ros2_example_ws/src/examples/rclcpp/actions/minimal_action_server -DAMENT_CMAKE_SYMLINK_INSTALL=1 -DCMAKE_INSTALL_PREFIX=/home/marangoni/Documents/ROS/ROSprojects/ROS_tutorials/ros2_example_ws/src/install/examples_rclcpp_minimal_action_server
[0.655s] -- The C compiler identification is GNU 9.4.0
[1.218s] -- The CXX compiler identification is GNU 9.4.0
[1.262s] -- Check for working C compiler: /usr/bin/cc
[1.843s] -- Check for working C compiler: /usr/bin/cc -- works
[1.852s] -- Detecting C compiler ABI info
[2.438s] -- Detecting C compiler ABI info - done
[2.631s] -- Detecting C compile features
[2.633s] -- Detecting C compile features - done
[2.658s] -- Check for working CXX compiler: /usr/bin/c++
[3.663s] -- Check for working CXX compiler: /usr/bin/c++ -- works
[3.671s] -- Detecting CXX compiler ABI info
[4.323s] -- Detecting CXX compiler ABI info - done
[4.466s] -- Detecting CXX compile features
[4.474s] -- Detecting CXX compile features - done
[4.486s] -- Found ament_cmake: 0.9.9 (/opt/ros/foxy/share/ament_cmake/cmake)
[4.638s] -- Found PythonInterp: /usr/bin/python3 (found suitable version "3.8.10", minimum required is "3") 
[4.642s] -- Using PYTHON_EXECUTABLE: /usr/bin/python3
[5.616s] -- Override CMake install command with custom implementation using symlinks instead of copying resources
[5.779s] -- Found example_interfaces: 0.9.1 (/opt/ros/foxy/share/example_interfaces/cmake)
[5.926s] -- Using all available rosidl_typesupport_c: rosidl_typesupport_fastrtps_c;rosidl_typesupport_introspection_c
[5.955s] -- Found rosidl_adapter: 1.2.1 (/opt/ros/foxy/share/rosidl_adapter/cmake)
[6.325s] -- Found OpenSSL: /usr/lib/x86_64-linux-gnu/libcrypto.so (found version "1.1.1f")  
[6.451s] -- Found FastRTPS: /opt/ros/foxy/include  
[6.822s] -- Using all available rosidl_typesupport_cpp: rosidl_typesupport_fastrtps_cpp;rosidl_typesupport_introspection_cpp
[7.679s] -- Found rclcpp: 2.4.1 (/opt/ros/foxy/share/rclcpp/cmake)
[7.957s] -- Found rmw_implementation_cmake: 1.0.3 (/opt/ros/foxy/share/rmw_implementation_cmake/cmake)
[7.964s] -- Using RMW implementation 'rmw_fastrtps_cpp' as default
[7.968s] -- Looking for pthread.h
[8.467s] -- Looking for pthread.h - found
[8.473s] -- Performing Test CMAKE_HAVE_LIBC_PTHREAD
[9.119s] -- Performing Test CMAKE_HAVE_LIBC_PTHREAD - Failed
[9.122s] -- Looking for pthread_create in pthreads
[9.659s] -- Looking for pthread_create in pthreads - not found
[9.662s] -- Looking for pthread_create in pthread
[10.229s] -- Looking for pthread_create in pthread - found
[10.244s] -- Found Threads: TRUE  
[11.645s] -- Found rclcpp_action: 2.4.1 (/opt/ros/foxy/share/rclcpp_action/cmake)
[11.876s] -- Found ament_lint_auto: 0.9.6 (/opt/ros/foxy/share/ament_lint_auto/cmake)
[12.264s] -- Added test 'copyright' to check source files copyright and LICENSE
[12.282s] -- Added test 'cppcheck' to perform static code analysis on C / C++ code
[12.284s] -- Configured cppcheck include dirs: 
[12.284s] -- Configured cppcheck exclude dirs and/or files: 
[12.296s] -- Added test 'cpplint' to check C / C++ code against the Google style
[12.296s] -- Configured cpplint exclude dirs and/or files: 
[12.302s] -- Added test 'lint_cmake' to check CMake code style
[12.308s] -- Added test 'uncrustify' to check C / C++ code style
[12.309s] -- Configured uncrustify additional arguments: 
[12.322s] -- Added test 'xmllint' to check XML markup files
[12.368s] -- Configuring done
[12.599s] -- Generating done
[12.635s] -- Build files have been written to: /home/marangoni/Documents/ROS/ROSprojects/ROS_tutorials/ros2_example_ws/src/build/examples_rclcpp_minimal_action_server
[12.710s] Invoked command in '/home/marangoni/Documents/ROS/ROSprojects/ROS_tutorials/ros2_example_ws/src/build/examples_rclcpp_minimal_action_server' returned '0': CMAKE_PREFIX_PATH=/opt/ros/foxy /usr/bin/cmake /home/marangoni/Documents/ROS/ROSprojects/ROS_tutorials/ros2_example_ws/src/examples/rclcpp/actions/minimal_action_server -DAMENT_CMAKE_SYMLINK_INSTALL=1 -DCMAKE_INSTALL_PREFIX=/home/marangoni/Documents/ROS/ROSprojects/ROS_tutorials/ros2_example_ws/src/install/examples_rclcpp_minimal_action_server
[12.727s] Invoking command in '/home/marangoni/Documents/ROS/ROSprojects/ROS_tutorials/ros2_example_ws/src/build/examples_rclcpp_minimal_action_server': CMAKE_PREFIX_PATH=/opt/ros/foxy /usr/bin/cmake --build /home/marangoni/Documents/ROS/ROSprojects/ROS_tutorials/ros2_example_ws/src/build/examples_rclcpp_minimal_action_server -- -j1 -l1
[13.023s] [35m[1mScanning dependencies of target action_server_not_composable[0m
[13.569s] [ 25%] [32mBuilding CXX object CMakeFiles/action_server_not_composable.dir/not_composable.cpp.o[0m
[27.447s] [ 50%] [32m[1mLinking CXX executable action_server_not_composable[0m
[28.085s] [ 50%] Built target action_server_not_composable
[28.114s] [35m[1mScanning dependencies of target action_server_member_functions[0m
[28.526s] [ 75%] [32mBuilding CXX object CMakeFiles/action_server_member_functions.dir/member_functions.cpp.o[0m
[41.452s] [100%] [32m[1mLinking CXX executable action_server_member_functions[0m
[42.223s] [100%] Built target action_server_member_functions
[42.269s] Invoked command in '/home/marangoni/Documents/ROS/ROSprojects/ROS_tutorials/ros2_example_ws/src/build/examples_rclcpp_minimal_action_server' returned '0': CMAKE_PREFIX_PATH=/opt/ros/foxy /usr/bin/cmake --build /home/marangoni/Documents/ROS/ROSprojects/ROS_tutorials/ros2_example_ws/src/build/examples_rclcpp_minimal_action_server -- -j1 -l1
[42.393s] Invoking command in '/home/marangoni/Documents/ROS/ROSprojects/ROS_tutorials/ros2_example_ws/src/build/examples_rclcpp_minimal_action_server': CMAKE_PREFIX_PATH=/opt/ros/foxy /usr/bin/cmake --install /home/marangoni/Documents/ROS/ROSprojects/ROS_tutorials/ros2_example_ws/src/build/examples_rclcpp_minimal_action_server
[42.429s] -- Install configuration: ""
[42.432s] -- Execute custom install script
[42.435s] -- Symlinking: /home/marangoni/Documents/ROS/ROSprojects/ROS_tutorials/ros2_example_ws/src/install/examples_rclcpp_minimal_action_server/lib/examples_rclcpp_minimal_action_server/action_server_not_composable
[42.461s] -- Symlinking: /home/marangoni/Documents/ROS/ROSprojects/ROS_tutorials/ros2_example_ws/src/install/examples_rclcpp_minimal_action_server/lib/examples_rclcpp_minimal_action_server/action_server_member_functions
[42.493s] -- Symlinking: /home/marangoni/Documents/ROS/ROSprojects/ROS_tutorials/ros2_example_ws/src/install/examples_rclcpp_minimal_action_server/share/ament_index/resource_index/package_run_dependencies/examples_rclcpp_minimal_action_server
[42.571s] -- Symlinking: /home/marangoni/Documents/ROS/ROSprojects/ROS_tutorials/ros2_example_ws/src/install/examples_rclcpp_minimal_action_server/share/ament_index/resource_index/parent_prefix_path/examples_rclcpp_minimal_action_server
[42.651s] -- Symlinking: /home/marangoni/Documents/ROS/ROSprojects/ROS_tutorials/ros2_example_ws/src/install/examples_rclcpp_minimal_action_server/share/examples_rclcpp_minimal_action_server/environment/ament_prefix_path.sh
[42.752s] -- Symlinking: /home/marangoni/Documents/ROS/ROSprojects/ROS_tutorials/ros2_example_ws/src/install/examples_rclcpp_minimal_action_server/share/examples_rclcpp_minimal_action_server/environment/ament_prefix_path.dsv
[42.831s] -- Symlinking: /home/marangoni/Documents/ROS/ROSprojects/ROS_tutorials/ros2_example_ws/src/install/examples_rclcpp_minimal_action_server/share/examples_rclcpp_minimal_action_server/environment/path.sh
[42.928s] -- Symlinking: /home/marangoni/Documents/ROS/ROSprojects/ROS_tutorials/ros2_example_ws/src/install/examples_rclcpp_minimal_action_server/share/examples_rclcpp_minimal_action_server/environment/path.dsv
[43.012s] -- Symlinking: /home/marangoni/Documents/ROS/ROSprojects/ROS_tutorials/ros2_example_ws/src/install/examples_rclcpp_minimal_action_server/share/examples_rclcpp_minimal_action_server/local_setup.bash
[43.124s] -- Symlinking: /home/marangoni/Documents/ROS/ROSprojects/ROS_tutorials/ros2_example_ws/src/install/examples_rclcpp_minimal_action_server/share/examples_rclcpp_minimal_action_server/local_setup.sh
[43.238s] -- Symlinking: /home/marangoni/Documents/ROS/ROSprojects/ROS_tutorials/ros2_example_ws/src/install/examples_rclcpp_minimal_action_server/share/examples_rclcpp_minimal_action_server/local_setup.zsh
[43.379s] -- Symlinking: /home/marangoni/Documents/ROS/ROSprojects/ROS_tutorials/ros2_example_ws/src/install/examples_rclcpp_minimal_action_server/share/examples_rclcpp_minimal_action_server/local_setup.dsv
[43.471s] -- Symlinking: /home/marangoni/Documents/ROS/ROSprojects/ROS_tutorials/ros2_example_ws/src/install/examples_rclcpp_minimal_action_server/share/examples_rclcpp_minimal_action_server/package.dsv
[43.551s] -- Symlinking: /home/marangoni/Documents/ROS/ROSprojects/ROS_tutorials/ros2_example_ws/src/install/examples_rclcpp_minimal_action_server/share/ament_index/resource_index/packages/examples_rclcpp_minimal_action_server
[43.635s] -- Symlinking: /home/marangoni/Documents/ROS/ROSprojects/ROS_tutorials/ros2_example_ws/src/install/examples_rclcpp_minimal_action_server/share/examples_rclcpp_minimal_action_server/cmake/examples_rclcpp_minimal_action_serverConfig.cmake
[43.728s] -- Symlinking: /home/marangoni/Documents/ROS/ROSprojects/ROS_tutorials/ros2_example_ws/src/install/examples_rclcpp_minimal_action_server/share/examples_rclcpp_minimal_action_server/cmake/examples_rclcpp_minimal_action_serverConfig-version.cmake
[43.859s] -- Symlinking: /home/marangoni/Documents/ROS/ROSprojects/ROS_tutorials/ros2_example_ws/src/install/examples_rclcpp_minimal_action_server/share/examples_rclcpp_minimal_action_server/package.xml
[43.982s] Invoked command in '/home/marangoni/Documents/ROS/ROSprojects/ROS_tutorials/ros2_example_ws/src/build/examples_rclcpp_minimal_action_server' returned '0': CMAKE_PREFIX_PATH=/opt/ros/foxy /usr/bin/cmake --install /home/marangoni/Documents/ROS/ROSprojects/ROS_tutorials/ros2_example_ws/src/build/examples_rclcpp_minimal_action_server
